<?xml version="1.0" encoding="UTF-8"?>
<!-- Generated by org.testng.reporters.JUnitXMLReporter -->
<testsuite ignored="0" hostname="DESKTOP-MV3E39R" failures="0" tests="4" name="Surefire test" time="0.111" errors="0" timestamp="2024-09-27T15:49:16 EEST">
  <testcase classname="com.expedia.flightbooking.TestNG_Grouping" name="testAudiA6" time="0.007"/>
  <testcase classname="com.expedia.flightbooking.TestNG_Grouping" name="testBMWX6" time="0.002"/>
  <testcase classname="com.expedia.flightbooking.TestNG_Grouping" name="testHondaCBR" time="0.001"/>
  <testcase classname="com.expedia.flightbooking.TestNG_Grouping" name="testNinja" time="0.002"/>
</testsuite> <!-- Surefire test -->
