<?xml version="1.0" encoding="UTF-8"?>
<testng-results ignored="0" total="4" passed="4" failed="0" skipped="0">
  <reporter-output>
  </reporter-output>
  <suite started-at="2024-10-11T14:33:31 EEST" name="Regression TestSuite" finished-at="2024-10-11T14:33:31 EEST" duration-ms="115">
    <groups>
      <group name="cars">
        <method signature="TestNG_Grouping.testAudiA6()[pri:0, instance:com.expedia.flightbooking.TestNG_Grouping@479d31f3]" name="testAudiA6" class="com.expedia.flightbooking.TestNG_Grouping"/>
        <method signature="TestNG_Grouping.testBMWX6()[pri:0, instance:com.expedia.flightbooking.TestNG_Grouping@479d31f3]" name="testBMWX6" class="com.expedia.flightbooking.TestNG_Grouping"/>
      </group> <!-- cars -->
      <group name="bikes">
        <method signature="TestNG_Grouping.testHondaCBR()[pri:0, instance:com.expedia.flightbooking.TestNG_Grouping@479d31f3]" name="testHondaCBR" class="com.expedia.flightbooking.TestNG_Grouping"/>
        <method signature="TestNG_Grouping.testNinja()[pri:0, instance:com.expedia.flightbooking.TestNG_Grouping@479d31f3]" name="testNinja" class="com.expedia.flightbooking.TestNG_Grouping"/>
      </group> <!-- bikes -->
      <group name="suv">
        <method signature="TestNG_Grouping.testBMWX6()[pri:0, instance:com.expedia.flightbooking.TestNG_Grouping@479d31f3]" name="testBMWX6" class="com.expedia.flightbooking.TestNG_Grouping"/>
      </group> <!-- suv -->
      <group name="sedan">
        <method signature="TestNG_Grouping.testAudiA6()[pri:0, instance:com.expedia.flightbooking.TestNG_Grouping@479d31f3]" name="testAudiA6" class="com.expedia.flightbooking.TestNG_Grouping"/>
      </group> <!-- sedan -->
    </groups>
    <test started-at="2024-10-11T14:33:31 EEST" name="GroupsDemo" finished-at="2024-10-11T14:33:31 EEST" duration-ms="115">
      <class name="com.expedia.flightbooking.TestNG_Grouping">
        <test-method is-config="true" signature="setUp()[pri:0, instance:com.expedia.flightbooking.TestNG_Grouping@479d31f3]" started-at="2024-10-11T14:33:31 EEST" name="setUp" finished-at="2024-10-11T14:33:31 EEST" duration-ms="18" status="PASS">
          <reporter-output>
          </reporter-output>
        </test-method> <!-- setUp -->
        <test-method signature="testAudiA6()[pri:0, instance:com.expedia.flightbooking.TestNG_Grouping@479d31f3]" started-at="2024-10-11T14:33:31 EEST" name="testAudiA6" finished-at="2024-10-11T14:33:31 EEST" duration-ms="9" status="PASS">
          <reporter-output>
          </reporter-output>
        </test-method> <!-- testAudiA6 -->
        <test-method signature="testBMWX6()[pri:0, instance:com.expedia.flightbooking.TestNG_Grouping@479d31f3]" started-at="2024-10-11T14:33:31 EEST" name="testBMWX6" finished-at="2024-10-11T14:33:31 EEST" duration-ms="1" status="PASS">
          <reporter-output>
          </reporter-output>
        </test-method> <!-- testBMWX6 -->
        <test-method signature="testHondaCBR()[pri:0, instance:com.expedia.flightbooking.TestNG_Grouping@479d31f3]" started-at="2024-10-11T14:33:31 EEST" name="testHondaCBR" finished-at="2024-10-11T14:33:31 EEST" duration-ms="0" status="PASS">
          <reporter-output>
          </reporter-output>
        </test-method> <!-- testHondaCBR -->
        <test-method signature="testNinja()[pri:0, instance:com.expedia.flightbooking.TestNG_Grouping@479d31f3]" started-at="2024-10-11T14:33:31 EEST" name="testNinja" finished-at="2024-10-11T14:33:31 EEST" duration-ms="3" status="PASS">
          <reporter-output>
          </reporter-output>
        </test-method> <!-- testNinja -->
        <test-method is-config="true" signature="cleanUp()[pri:0, instance:com.expedia.flightbooking.TestNG_Grouping@479d31f3]" started-at="2024-10-11T14:33:31 EEST" name="cleanUp" finished-at="2024-10-11T14:33:31 EEST" duration-ms="4" status="PASS">
          <reporter-output>
          </reporter-output>
        </test-method> <!-- cleanUp -->
      </class> <!-- com.expedia.flightbooking.TestNG_Grouping -->
    </test> <!-- GroupsDemo -->
  </suite> <!-- Regression TestSuite -->
</testng-results>
