<?xml version="1.0" encoding="UTF-8"?>
<!-- Generated by org.testng.reporters.JUnitXMLReporter -->
<testsuite ignored="0" hostname="DESKTOP-MV3E39R" failures="0" tests="4" name="GroupsDemo" time="0.115" errors="0" timestamp="2024-10-11T14:33:32 EEST">
  <testcase classname="com.expedia.flightbooking.TestNG_Grouping" name="testAudiA6" time="0.009"/>
  <testcase classname="com.expedia.flightbooking.TestNG_Grouping" name="testBMWX6" time="0.001"/>
  <testcase classname="com.expedia.flightbooking.TestNG_Grouping" name="testHondaCBR" time="0.0"/>
  <testcase classname="com.expedia.flightbooking.TestNG_Grouping" name="testNinja" time="0.003"/>
</testsuite> <!-- GroupsDemo -->
